\BOOKMARK [0][-]{chapter.0}{Starting with Python's IDLE}{}% 1
\BOOKMARK [0][-]{chapter.1}{Python as a Calculator}{}% 2
\BOOKMARK [1][-]{section.1.1}{Addition and subtraction}{chapter.1}% 3
\BOOKMARK [0][-]{chapter.2}{Functions and Maths}{}% 4
\BOOKMARK [0][-]{chapter.3}{Getting help}{}% 5
\BOOKMARK [0][-]{chapter.4}{Drawing Turtles}{}% 6
\BOOKMARK [0][-]{chapter.5}{Naming your data}{}% 7
\BOOKMARK [0][-]{chapter.6}{Asking questions}{}% 8
\BOOKMARK [0][-]{chapter.7}{Using numbers}{}% 9
\BOOKMARK [0][-]{chapter.8}{Performing selection}{}% 10
\BOOKMARK [0][-]{chapter.9}{Decisions, decisions}{}% 11
\BOOKMARK [0][-]{chapter.10}{Combing decisions together}{}% 12
\BOOKMARK [0][-]{chapter.11}{Going loopy}{}% 13
\BOOKMARK [0][-]{chapter.12}{Escaping the cycle}{}% 14
\BOOKMARK [0][-]{chapter.13}{Going random}{}% 15
\BOOKMARK [0][-]{chapter.14}{Grouping data together}{}% 16
\BOOKMARK [0][-]{chapter.15}{Slicing sequences}{}% 17
\BOOKMARK [0][-]{chapter.16}{Walking along data}{}% 18
\BOOKMARK [0][-]{chapter.17}{Naming code}{}% 19
\BOOKMARK [0][-]{chapter.18}{More functions}{}% 20
\BOOKMARK [0][-]{chapter.19}{Reading files}{}% 21
\BOOKMARK [0][-]{chapter.20}{Writing files}{}% 22
\BOOKMARK [0][-]{chapter.21}{Catching errors}{}% 23
\BOOKMARK [0][-]{chapter.22}{TODO}{}% 24
